[01Sep2025 00:06:19.438] [Server thread/INFO] [net.minecraftforge.common.AdvancementLoadFix/]: Using new advancement loading for net.minecraft.server.PlayerAdvancements@3a082313
[01Sep2025 00:06:19.452] [Server thread/INFO] [net.minecraft.server.players.PlayerList/]: EduKzYT[/127.136.95.82:46379] logged in with entity id 119 at (500.44653654352146, 69.5, -95.15725022598642)
[01Sep2025 00:06:19.504] [Server thread/INFO] [net.minecraft.server.MinecraftServer/]: EduKzYT joined the game
[01Sep2025 00:06:19.516] [Server thread/INFO] [Jade/]: Syncing config to EduKzYT (b91aa904-269e-3448-92ec-77421b0b7fe5)
[01Sep2025 00:06:19.521] [Server thread/INFO] [xaero.pac.OpenPartiesAndClaims/]: Updating all forceload tickets for b91aa904-269e-3448-92ec-77421b0b7fe5
[01Sep2025 00:08:42.197] [Server thread/INFO] [net.minecraftforge.common.AdvancementLoadFix/]: Using new advancement loading for net.minecraft.server.PlayerAdvancements@2a721125
[01Sep2025 00:08:42.201] [Server thread/INFO] [net.minecraft.server.players.PlayerList/]: MidNight1205[/127.249.175.223:36753] logged in with entity id 1147 at (510.8896031507435, 69.47971734021225, -97.90574589436453)
[01Sep2025 00:08:42.207] [Server thread/INFO] [net.minecraft.server.MinecraftServer/]: MidNight1205 joined the game
[01Sep2025 00:08:42.238] [Server thread/INFO] [Jade/]: Syncing config to MidNight1205 (740f1231-3574-3da3-b2f1-ac7299218352)
[01Sep2025 00:08:42.240] [Server thread/INFO] [xaero.pac.OpenPartiesAndClaims/]: Updating all forceload tickets for 740f1231-3574-3da3-b2f1-ac7299218352
[01Sep2025 00:09:45.331] [Server thread/INFO] [net.minecraft.server.MinecraftServer/]: [Not Secure] <MidNight1205> oi bem
[01Sep2025 00:10:02.381] [Server thread/INFO] [net.minecraft.server.MinecraftServer/]: [Not Secure] <EduKzYT> oi
[01Sep2025 00:10:14.669] [Server thread/INFO] [net.minecraft.server.MinecraftServer/]: [Not Secure] <MidNight1205> conseguiu terminar seu barco??
[01Sep2025 00:10:18.749] [Server thread/INFO] [net.minecraft.server.MinecraftServer/]: [Not Secure] <EduKzYT> ss
[01Sep2025 00:10:25.195] [Server thread/INFO] [net.minecraft.server.MinecraftServer/]: [Not Secure] <EduKzYT> vou focar no survive
[01Sep2025 00:10:43.423] [Server thread/INFO] [net.minecraft.server.MinecraftServer/]: [Not Secure] <MidNight1205> ta ok
[01Sep2025 00:10:54.702] [Server thread/INFO] [net.minecraft.server.MinecraftServer/]: [Not Secure] <MidNight1205> eu nn consigo sair do criativo
[01Sep2025 00:11:17.172] [Server thread/INFO] [net.minecraft.server.MinecraftServer/]: MidNight1205 has made the advancement [Suit Up]
[01Sep2025 00:11:37.752] [Server thread/INFO] [net.minecraft.server.MinecraftServer/]: Set MidNight1205's game mode to Survival Mode
[01Sep2025 00:11:53.063] [Server thread/INFO] [net.minecraft.server.MinecraftServer/]: [Not Secure] <EduKzYT> ai é osso
[01Sep2025 00:11:54.717] [Server thread/INFO] [net.minecraft.server.MinecraftServer/]: [Not Secure] <MidNight1205> agora saiu
[01Sep2025 00:12:01.473] [Server thread/INFO] [net.minecraft.server.MinecraftServer/]: [Not Secure] <MidNight1205> sozinho
[01Sep2025 00:12:01.899] [Server thread/INFO] [net.minecraft.server.MinecraftServer/]: You whisper to EduKzYT: de nd
[01Sep2025 00:12:01.900] [Server thread/INFO] [net.minecraft.server.MinecraftServer/]: You whisper to MidNight1205: de nd
[01Sep2025 00:12:10.597] [Server thread/INFO] [net.minecraft.server.MinecraftServer/]: [Not Secure] <MidNight1205> oxi
[01Sep2025 00:12:15.545] [Server thread/INFO] [net.minecraft.server.MinecraftServer/]: [Not Secure] <EduKzYT> ox
[01Sep2025 00:12:34.797] [Server thread/INFO] [net.minecraft.server.MinecraftServer/]: [Not Secure] <MidNight1205> server sussurrou para vc
[01Sep2025 00:12:40.215] [Server thread/INFO] [net.minecraft.server.MinecraftServer/]: [Not Secure] <MidNight1205> apareceu pra vc tbm??
[01Sep2025 00:12:42.614] [Server thread/INFO] [net.minecraft.server.MinecraftServer/]: You whisper to EduKzYT: so eu poh, fui dar uma olhada pra ver se vc entro no server sksk
[01Sep2025 00:12:42.614] [Server thread/INFO] [net.minecraft.server.MinecraftServer/]: You whisper to MidNight1205: so eu poh, fui dar uma olhada pra ver se vc entro no server sksk
[01Sep2025 00:12:44.959] [Server thread/INFO] [net.minecraft.server.MinecraftServer/]: [Not Secure] <EduKzYT> ss
[01Sep2025 00:12:59.680] [Server thread/INFO] [net.minecraft.server.MinecraftServer/]: [Not Secure] <MidNight1205> ata
[01Sep2025 00:13:39.596] [Server thread/INFO] [net.minecraft.server.MinecraftServer/]: [Not Secure] <MidNight1205> cade vc
[01Sep2025 00:13:53.323] [Server thread/INFO] [net.minecraft.server.MinecraftServer/]: [Not Secure] <EduKzYT> andando
[01Sep2025 00:14:01.483] [Server thread/INFO] [net.minecraft.server.MinecraftServer/]: [Not Secure] <EduKzYT> pegando umas coisas
[01Sep2025 00:15:29.059] [Server thread/INFO] [net.minecraft.server.MinecraftServer/]: MidNight1205 was blown up by Creeper
[01Sep2025 00:15:30.770] [Server thread/INFO] [net.minecraft.server.MinecraftServer/]: <Guilt> Why did you leave me?
[01Sep2025 00:16:29.746] [Server thread/INFO] [net.minecraft.server.MinecraftServer/]: MidNight1205 was shot by Skeleton
[01Sep2025 00:16:31.070] [Server thread/INFO] [net.minecraft.server.MinecraftServer/]: <Guilt> Why did you leave me?
[01Sep2025 00:16:45.700] [Server thread/WARN] [net.minecraft.server.level.ServerPlayerGameMode/]: Mismatch in destroy block pos: BlockPos{x=0, y=0, z=0} BlockPos{x=13, y=67, z=-5}
[01Sep2025 00:18:03.796] [Server thread/INFO] [net.minecraft.server.MinecraftServer/]: [Not Secure] <MidNight1205> oq é isso?
[01Sep2025 00:18:08.314] [Server thread/INFO] [net.minecraft.server.MinecraftServer/]: [Not Secure] <EduKzYT> f
[01Sep2025 00:18:09.245] [Server thread/INFO] [net.minecraft.server.MinecraftServer/]: [Not Secure] <MidNight1205> tem uma contagem
[01Sep2025 00:18:20.460] [Server thread/INFO] [net.minecraft.server.MinecraftServer/]: EduKzYT was doomed to fall by Creeper
[01Sep2025 00:18:26.247] [Server thread/INFO] [net.minecraft.server.MinecraftServer/]: death.attack.vanished
[01Sep2025 00:18:38.796] [Server thread/INFO] [net.minecraft.server.MinecraftServer/]: MidNight1205 has made the advancement [Sweet Dreams]
[01Sep2025 00:19:21.279] [Server thread/INFO] [net.minecraft.server.MinecraftServer/]: [Not Secure] <EduKzYT> ele tava te encarandoa i
[01Sep2025 00:19:23.260] [Server thread/INFO] [net.minecraft.server.MinecraftServer/]: [Not Secure] <EduKzYT> ai
[01Sep2025 00:19:27.105] [Server thread/INFO] [net.minecraft.server.MinecraftServer/]: [Not Secure] <MidNight1205> eu nn vi
